<?xml version="1.0" encoding="UTF-8"?>
<testng-results ignored="0" total="5" passed="5" failed="0" skipped="0">
  <reporter-output>
  </reporter-output>
  <suite started-at="2022-04-08T06:41:13 IST" name="Default suite" finished-at="2022-04-08T06:41:26 IST" duration-ms="12910">
    <groups>
    </groups>
    <test started-at="2022-04-08T06:41:13 IST" name="Default test" finished-at="2022-04-08T06:41:26 IST" duration-ms="12910">
      <class name="Labs.Extent_Reports">
        <test-method is-config="true" signature="launchingBrowser()[pri:0, instance:Labs.Extent_Reports@a38c7fe]" started-at="2022-04-08T06:41:13 IST" name="launchingBrowser" finished-at="2022-04-08T06:41:17 IST" duration-ms="4687" status="PASS">
          <reporter-output>
          </reporter-output>
        </test-method> <!-- launchingBrowser -->
        <test-method is-config="true" signature="initializeReport()[pri:0, instance:Labs.Extent_Reports@a38c7fe]" started-at="2022-04-08T06:41:17 IST" name="initializeReport" finished-at="2022-04-08T06:41:18 IST" duration-ms="231" status="PASS">
          <reporter-output>
          </reporter-output>
        </test-method> <!-- initializeReport -->
        <test-method signature="verifyingTitle()[pri:0, instance:Labs.Extent_Reports@a38c7fe]" started-at="2022-04-08T06:41:18 IST" name="verifyingTitle" finished-at="2022-04-08T06:41:18 IST" duration-ms="47" status="PASS">
          <reporter-output>
          </reporter-output>
        </test-method> <!-- verifyingTitle -->
        <test-method signature="clickOnSign()[pri:1, instance:Labs.Extent_Reports@a38c7fe]" started-at="2022-04-08T06:41:18 IST" name="clickOnSign" finished-at="2022-04-08T06:41:19 IST" duration-ms="1162" status="PASS">
          <reporter-output>
          </reporter-output>
        </test-method> <!-- clickOnSign -->
        <test-method signature="enterYourLoginName()[pri:2, instance:Labs.Extent_Reports@a38c7fe]" started-at="2022-04-08T06:41:19 IST" name="enterYourLoginName" finished-at="2022-04-08T06:41:19 IST" duration-ms="166" status="PASS">
          <reporter-output>
          </reporter-output>
        </test-method> <!-- enterYourLoginName -->
        <test-method signature="pressContinueAfterLoginNameIsEntered()[pri:3, instance:Labs.Extent_Reports@a38c7fe]" started-at="2022-04-08T06:41:19 IST" name="pressContinueAfterLoginNameIsEntered" finished-at="2022-04-08T06:41:21 IST" duration-ms="2071" status="PASS">
          <reporter-output>
          </reporter-output>
        </test-method> <!-- pressContinueAfterLoginNameIsEntered -->
        <test-method signature="enteringPassword()[pri:4, instance:Labs.Extent_Reports@a38c7fe]" started-at="2022-04-08T06:41:21 IST" name="enteringPassword" finished-at="2022-04-08T06:41:21 IST" duration-ms="117" status="PASS">
          <reporter-output>
          </reporter-output>
        </test-method> <!-- enteringPassword -->
        <test-method is-config="true" signature="publishingReport()[pri:0, instance:Labs.Extent_Reports@a38c7fe]" started-at="2022-04-08T06:41:21 IST" name="publishingReport" finished-at="2022-04-08T06:41:21 IST" duration-ms="201" status="PASS">
          <reporter-output>
          </reporter-output>
        </test-method> <!-- publishingReport -->
        <test-method is-config="true" signature="destroyingSession()[pri:0, instance:Labs.Extent_Reports@a38c7fe]" started-at="2022-04-08T06:41:21 IST" name="destroyingSession" finished-at="2022-04-08T06:41:26 IST" duration-ms="4168" status="PASS">
          <reporter-output>
          </reporter-output>
        </test-method> <!-- destroyingSession -->
      </class> <!-- Labs.Extent_Reports -->
    </test> <!-- Default test -->
  </suite> <!-- Default suite -->
</testng-results>
