<?xml version="1.0" encoding="UTF-8"?>
<testng-results ignored="0" total="1" passed="1" failed="0" skipped="0">
  <reporter-output>
  </reporter-output>
  <suite started-at="2022-02-18T00:27:14 IST" name="Default suite" finished-at="2022-02-18T00:27:30 IST" duration-ms="15891">
    <groups>
    </groups>
    <test started-at="2022-02-18T00:27:14 IST" name="Default test" finished-at="2022-02-18T00:27:30 IST" duration-ms="15891">
      <class name="Labs.Exp4_3">
        <test-method is-config="true" signature="before()[pri:0, instance:Labs.Exp4_3@306e95ec]" started-at="2022-02-18T00:27:14 IST" name="before" finished-at="2022-02-18T00:27:21 IST" duration-ms="6410" status="PASS">
          <reporter-output>
          </reporter-output>
        </test-method> <!-- before -->
        <test-method signature="login()[pri:0, instance:Labs.Exp4_3@306e95ec]" started-at="2022-02-18T00:27:21 IST" name="login" finished-at="2022-02-18T00:27:30 IST" duration-ms="9006" status="PASS">
          <reporter-output>
          </reporter-output>
        </test-method> <!-- login -->
        <test-method is-config="true" signature="after()[pri:0, instance:Labs.Exp4_3@306e95ec]" started-at="2022-02-18T00:27:30 IST" name="after" finished-at="2022-02-18T00:27:30 IST" duration-ms="399" status="PASS">
          <reporter-output>
          </reporter-output>
        </test-method> <!-- after -->
      </class> <!-- Labs.Exp4_3 -->
    </test> <!-- Default test -->
  </suite> <!-- Default suite -->
</testng-results>
